<?xml version="1.0" encoding="UTF-8"?>
<testsuite xmlns:xsi="http://www.w3.org/2001/XMLSchema-instance" xsi:noNamespaceSchemaLocation="https://maven.apache.org/surefire/maven-surefire-plugin/xsd/surefire-test-report.xsd" name="org.openmrs.liquibase.SchemaOnlyTunerTest" time="0.001" tests="0" errors="0" skipped="0" failures="0">
  <properties>
    <property name="sun.desktop" value="gnome"/>
    <property name="awt.toolkit" value="sun.awt.X11.XToolkit"/>
    <property name="java.specification.version" value="11"/>
    <property name="sun.cpu.isalist" value=""/>
    <property name="sonar.login" value="08afb18760f8ab1f1e6939caf9f892303ddee31d"/>
    <property name="sun.jnu.encoding" value="UTF-8"/>
    <property name="user.region" value="US"/>
    <property name="java.class.path" value="/home/zechen/.m2/repository/org/apache/maven/surefire/surefire-booter/2.22.2/surefire-booter-2.22.2.jar:/home/zechen/.m2/repository/org/apache/maven/surefire/surefire-api/2.22.2/surefire-api-2.22.2.jar:/home/zechen/.m2/repository/org/apache/maven/surefire/surefire-logger-api/2.22.2/surefire-logger-api-2.22.2.jar:/home/zechen/cs_work/TrillionSource/openmrs-core/liquibase/target/test-classes:/home/zechen/cs_work/TrillionSource/openmrs-core/liquibase/target/classes:/home/zechen/.m2/repository/jaxen/jaxen/1.2.0/jaxen-1.2.0.jar:/home/zechen/.m2/repository/mysql/mysql-connector-java/8.0.27/mysql-connector-java-8.0.27.jar:/home/zechen/.m2/repository/com/google/protobuf/protobuf-java/3.11.4/protobuf-java-3.11.4.jar:/home/zechen/.m2/repository/org/apache/logging/log4j/log4j-slf4j-impl/2.17.0/log4j-slf4j-impl-2.17.0.jar:/home/zechen/.m2/repository/org/apache/logging/log4j/log4j-api/2.17.0/log4j-api-2.17.0.jar:/home/zechen/.m2/repository/org/apache/logging/log4j/log4j-core/2.17.0/log4j-core-2.17.0.jar:/home/zechen/.m2/repository/org/dom4j/dom4j/2.1.3/dom4j-2.1.3.jar:/home/zechen/.m2/repository/org/hamcrest/hamcrest/2.2/hamcrest-2.2.jar:/home/zechen/.m2/repository/org/junit/jupiter/junit-jupiter-api/5.8.2/junit-jupiter-api-5.8.2.jar:/home/zechen/.m2/repository/org/opentest4j/opentest4j/1.2.0/opentest4j-1.2.0.jar:/home/zechen/.m2/repository/org/junit/platform/junit-platform-commons/1.8.2/junit-platform-commons-1.8.2.jar:/home/zechen/.m2/repository/org/apiguardian/apiguardian-api/1.1.2/apiguardian-api-1.1.2.jar:/home/zechen/.m2/repository/org/junit/jupiter/junit-jupiter-params/5.8.2/junit-jupiter-params-5.8.2.jar:/home/zechen/.m2/repository/org/mockito/mockito-core/3.12.4/mockito-core-3.12.4.jar:/home/zechen/.m2/repository/net/bytebuddy/byte-buddy/1.11.13/byte-buddy-1.11.13.jar:/home/zechen/.m2/repository/net/bytebuddy/byte-buddy-agent/1.11.13/byte-buddy-agent-1.11.13.jar:/home/zechen/.m2/repository/org/objenesis/objenesis/3.2/objenesis-3.2.jar:/home/zechen/.m2/repository/org/slf4j/slf4j-api/1.7.32/slf4j-api-1.7.32.jar:/home/zechen/.m2/repository/org/apache/maven/surefire/surefire-junit3/2.22.2/surefire-junit3-2.22.2.jar"/>
    <property name="java.vm.vendor" value="Ubuntu"/>
    <property name="sun.arch.data.model" value="64"/>
    <property name="java.vendor.url" value="https://ubuntu.com/"/>
    <property name="user.timezone" value=""/>
    <property name="java.locale.providers" value="COMPAT"/>
    <property name="java.vm.specification.version" value="11"/>
    <property name="os.name" value="Linux"/>
    <property name="sun.java.launcher" value="SUN_STANDARD"/>
    <property name="user.country" value="US"/>
    <property name="sun.boot.library.path" value="/usr/lib/jvm/java-11-openjdk-amd64/lib"/>
    <property name="sun.java.command" value="org.apache.maven.surefire.booter.ForkedBooter /home/zechen/cs_work/TrillionSource/openmrs-core/liquibase/target/surefire 2022-01-05T23-52-16_087-jvmRun1 surefire18280930731486504594tmp surefire_214512538485780845994tmp"/>
    <property name="jdk.debug" value="release"/>
    <property name="surefire.test.class.path" value="/home/zechen/cs_work/TrillionSource/openmrs-core/liquibase/target/test-classes:/home/zechen/cs_work/TrillionSource/openmrs-core/liquibase/target/classes:/home/zechen/.m2/repository/jaxen/jaxen/1.2.0/jaxen-1.2.0.jar:/home/zechen/.m2/repository/mysql/mysql-connector-java/8.0.27/mysql-connector-java-8.0.27.jar:/home/zechen/.m2/repository/com/google/protobuf/protobuf-java/3.11.4/protobuf-java-3.11.4.jar:/home/zechen/.m2/repository/org/apache/logging/log4j/log4j-slf4j-impl/2.17.0/log4j-slf4j-impl-2.17.0.jar:/home/zechen/.m2/repository/org/apache/logging/log4j/log4j-api/2.17.0/log4j-api-2.17.0.jar:/home/zechen/.m2/repository/org/apache/logging/log4j/log4j-core/2.17.0/log4j-core-2.17.0.jar:/home/zechen/.m2/repository/org/dom4j/dom4j/2.1.3/dom4j-2.1.3.jar:/home/zechen/.m2/repository/org/hamcrest/hamcrest/2.2/hamcrest-2.2.jar:/home/zechen/.m2/repository/org/junit/jupiter/junit-jupiter-api/5.8.2/junit-jupiter-api-5.8.2.jar:/home/zechen/.m2/repository/org/opentest4j/opentest4j/1.2.0/opentest4j-1.2.0.jar:/home/zechen/.m2/repository/org/junit/platform/junit-platform-commons/1.8.2/junit-platform-commons-1.8.2.jar:/home/zechen/.m2/repository/org/apiguardian/apiguardian-api/1.1.2/apiguardian-api-1.1.2.jar:/home/zechen/.m2/repository/org/junit/jupiter/junit-jupiter-params/5.8.2/junit-jupiter-params-5.8.2.jar:/home/zechen/.m2/repository/org/mockito/mockito-core/3.12.4/mockito-core-3.12.4.jar:/home/zechen/.m2/repository/net/bytebuddy/byte-buddy/1.11.13/byte-buddy-1.11.13.jar:/home/zechen/.m2/repository/net/bytebuddy/byte-buddy-agent/1.11.13/byte-buddy-agent-1.11.13.jar:/home/zechen/.m2/repository/org/objenesis/objenesis/3.2/objenesis-3.2.jar:/home/zechen/.m2/repository/org/slf4j/slf4j-api/1.7.32/slf4j-api-1.7.32.jar:"/>
    <property name="sun.cpu.endian" value="little"/>
    <property name="user.home" value="/home/zechen"/>
    <property name="user.language" value="en"/>
    <property name="java.specification.vendor" value="Oracle Corporation"/>
    <property name="java.version.date" value="2021-10-19"/>
    <property name="java.home" value="/usr/lib/jvm/java-11-openjdk-amd64"/>
    <property name="file.separator" value="/"/>
    <property name="basedir" value="/home/zechen/cs_work/TrillionSource/openmrs-core/liquibase"/>
    <property name="java.vm.compressedOopsMode" value="32-bit"/>
    <property name="line.separator" value="&#10;"/>
    <property name="java.specification.name" value="Java Platform API Specification"/>
    <property name="java.vm.specification.vendor" value="Oracle Corporation"/>
    <property name="java.awt.graphicsenv" value="sun.awt.X11GraphicsEnvironment"/>
    <property name="sun.management.compiler" value="HotSpot 64-Bit Tiered Compilers"/>
    <property name="java.runtime.version" value="11.0.13+8-Ubuntu-0ubuntu1.20.04"/>
    <property name="user.name" value="zechen"/>
    <property name="path.separator" value=":"/>
    <property name="os.version" value="5.4.0-91-generic"/>
    <property name="java.runtime.name" value="OpenJDK Runtime Environment"/>
    <property name="file.encoding" value="UTF-8"/>
    <property name="java.vm.name" value="OpenJDK 64-Bit Server VM"/>
    <property name="localRepository" value="/home/zechen/.m2/repository"/>
    <property name="java.vendor.url.bug" value="https://bugs.launchpad.net/ubuntu/+source/openjdk-lts"/>
    <property name="java.io.tmpdir" value="/tmp"/>
    <property name="java.version" value="11.0.13"/>
    <property name="user.dir" value="/home/zechen/cs_work/TrillionSource/openmrs-core/liquibase"/>
    <property name="os.arch" value="amd64"/>
    <property name="java.vm.specification.name" value="Java Virtual Machine Specification"/>
    <property name="java.awt.printerjob" value="sun.print.PSPrinterJob"/>
    <property name="sun.os.patch.level" value="unknown"/>
    <property name="java.library.path" value="/usr/java/packages/lib:/usr/lib/x86_64-linux-gnu/jni:/lib/x86_64-linux-gnu:/usr/lib/x86_64-linux-gnu:/usr/lib/jni:/lib:/usr/lib"/>
    <property name="java.vm.info" value="mixed mode, sharing"/>
    <property name="java.vendor" value="Ubuntu"/>
    <property name="java.vm.version" value="11.0.13+8-Ubuntu-0ubuntu1.20.04"/>
    <property name="sun.io.unicode.encoding" value="UnicodeLittle"/>
    <property name="java.class.version" value="55.0"/>
    <property name="log4j2.disable.jmx" value="true"/>
  </properties>
</testsuite>