<?xml version="1.0" encoding="UTF-8"?>
<testsuite xmlns:xsi="http://www.w3.org/2001/XMLSchema-instance" xsi:noNamespaceSchemaLocation="https://maven.apache.org/surefire/maven-surefire-plugin/xsd/surefire-test-report.xsd" name="org.openmrs.api.ConceptServiceTest" time="851.241" tests="247" errors="0" skipped="1" failures="0">
  <properties>
    <property name="sun.desktop" value="gnome"/>
    <property name="awt.toolkit" value="sun.awt.X11.XToolkit"/>
    <property name="java.specification.version" value="11"/>
    <property name="sun.cpu.isalist" value=""/>
    <property name="sonar.login" value="08afb18760f8ab1f1e6939caf9f892303ddee31d"/>
    <property name="sun.jnu.encoding" value="UTF-8"/>
    <property name="user.region" value="US"/>
    <property name="java.class.path" value="/home/zechen/.m2/repository/org/apache/maven/surefire/surefire-booter/2.22.2/surefire-booter-2.22.2.jar:/home/zechen/.m2/repository/org/apache/maven/surefire/surefire-api/2.22.2/surefire-api-2.22.2.jar:/home/zechen/.m2/repository/org/apache/maven/surefire/surefire-logger-api/2.22.2/surefire-logger-api-2.22.2.jar:/home/zechen/cs_work/TrillionSource/openmrs-core/api/target/test-classes:/home/zechen/cs_work/TrillionSource/openmrs-core/api/target/classes:/home/zechen/.m2/repository/org/springframework/spring-test/5.2.14.RELEASE/spring-test-5.2.14.RELEASE.jar:/home/zechen/.m2/repository/com/h2database/h2/1.4.200/h2-1.4.200.jar:/home/zechen/.m2/repository/junit/junit/4.13.2/junit-4.13.2.jar:/home/zechen/.m2/repository/org/junit/jupiter/junit-jupiter-api/5.8.2/junit-jupiter-api-5.8.2.jar:/home/zechen/.m2/repository/org/opentest4j/opentest4j/1.2.0/opentest4j-1.2.0.jar:/home/zechen/.m2/repository/org/junit/platform/junit-platform-commons/1.8.2/junit-platform-commons-1.8.2.jar:/home/zechen/.m2/repository/org/apiguardian/apiguardian-api/1.1.2/apiguardian-api-1.1.2.jar:/home/zechen/.m2/repository/org/junit/jupiter/junit-jupiter-engine/5.8.2/junit-jupiter-engine-5.8.2.jar:/home/zechen/.m2/repository/org/junit/platform/junit-platform-engine/1.8.2/junit-platform-engine-1.8.2.jar:/home/zechen/.m2/repository/org/junit/vintage/junit-vintage-engine/5.8.2/junit-vintage-engine-5.8.2.jar:/home/zechen/.m2/repository/org/dbunit/dbunit/2.7.2/dbunit-2.7.2.jar:/home/zechen/.m2/repository/org/mockito/mockito-core/3.12.4/mockito-core-3.12.4.jar:/home/zechen/.m2/repository/org/mockito/mockito-junit-jupiter/3.12.4/mockito-junit-jupiter-3.12.4.jar:/home/zechen/.m2/repository/org/hamcrest/hamcrest-core/2.2/hamcrest-core-2.2.jar:/home/zechen/.m2/repository/org/hamcrest/hamcrest/2.2/hamcrest-2.2.jar:/home/zechen/.m2/repository/org/powermock/powermock-reflect/2.0.9/powermock-reflect-2.0.9.jar:/home/zechen/.m2/repository/org/objenesis/objenesis/3.0.1/objenesis-3.0.1.jar:/home/zechen/.m2/repository/net/bytebuddy/byte-buddy/1.10.14/byte-buddy-1.10.14.jar:/home/zechen/.m2/repository/net/bytebuddy/byte-buddy-agent/1.10.14/byte-buddy-agent-1.10.14.jar:/home/zechen/.m2/repository/commons-collections/commons-collections/3.2.2/commons-collections-3.2.2.jar:/home/zechen/.m2/repository/org/apache/commons/commons-collections4/4.4/commons-collections4-4.4-tests.jar:/home/zechen/.m2/repository/org/apache/commons/commons-lang3/3.12.0/commons-lang3-3.12.0.jar:/home/zechen/.m2/repository/commons-beanutils/commons-beanutils/1.9.4/commons-beanutils-1.9.4.jar:/home/zechen/.m2/repository/commons-validator/commons-validator/1.7/commons-validator-1.7.jar:/home/zechen/.m2/repository/commons-digester/commons-digester/2.1/commons-digester-2.1.jar:/home/zechen/.m2/repository/commons-logging/commons-logging/1.2/commons-logging-1.2.jar:/home/zechen/.m2/repository/commons-io/commons-io/2.11.0/commons-io-2.11.0.jar:/home/zechen/.m2/repository/org/azeckoski/reflectutils/0.9.20/reflectutils-0.9.20.jar:/home/zechen/.m2/repository/org/apache/velocity/velocity/1.7/velocity-1.7.jar:/home/zechen/.m2/repository/commons-lang/commons-lang/2.4/commons-lang-2.4.jar:/home/zechen/.m2/repository/org/springframework/spring-core/5.2.14.RELEASE/spring-core-5.2.14.RELEASE.jar:/home/zechen/.m2/repository/org/springframework/spring-jcl/5.2.14.RELEASE/spring-jcl-5.2.14.RELEASE.jar:/home/zechen/.m2/repository/org/springframework/spring-beans/5.2.14.RELEASE/spring-beans-5.2.14.RELEASE.jar:/home/zechen/.m2/repository/org/springframework/spring-context/5.2.14.RELEASE/spring-context-5.2.14.RELEASE.jar:/home/zechen/.m2/repository/org/springframework/spring-expression/5.2.14.RELEASE/spring-expression-5.2.14.RELEASE.jar:/home/zechen/.m2/repository/org/springframework/spring-aop/5.2.14.RELEASE/spring-aop-5.2.14.RELEASE.jar:/home/zechen/.m2/repository/org/springframework/spring-orm/5.2.14.RELEASE/spring-orm-5.2.14.RELEASE.jar:/home/zechen/.m2/repository/org/springframework/spring-tx/5.2.14.RELEASE/spring-tx-5.2.14.RELEASE.jar:/home/zechen/.m2/repository/org/springframework/spring-jdbc/5.2.14.RELEASE/spring-jdbc-5.2.14.RELEASE.jar:/home/zechen/.m2/repository/org/springframework/spring-context-support/5.2.14.RELEASE/spring-context-support-5.2.14.RELEASE.jar:/home/zechen/.m2/repository/ca/uhn/hapi/hapi-base/2.1/hapi-base-2.1.jar:/home/zechen/.m2/repository/ca/uhn/hapi/hapi-structures-v23/2.1/hapi-structures-v23-2.1.jar:/home/zechen/.m2/repository/ca/uhn/hapi/hapi-structures-v24/2.1/hapi-structures-v24-2.1.jar:/home/zechen/.m2/repository/ca/uhn/hapi/hapi-structures-v25/2.1/hapi-structures-v25-2.1.jar:/home/zechen/.m2/repository/ca/uhn/hapi/hapi-structures-v26/2.1/hapi-structures-v26-2.1.jar:/home/zechen/.m2/repository/org/javassist/javassist/3.28.0-GA/javassist-3.28.0-GA.jar:/home/zechen/.m2/repository/org/hibernate/hibernate-core/5.6.3.Final/hibernate-core-5.6.3.Final.jar:/home/zechen/.m2/repository/javax/persistence/javax.persistence-api/2.2/javax.persistence-api-2.2.jar:/home/zechen/.m2/repository/antlr/antlr/2.7.7/antlr-2.7.7.jar:/home/zechen/.m2/repository/org/jboss/spec/javax/transaction/jboss-transaction-api_1.2_spec/1.1.1.Final/jboss-transaction-api_1.2_spec-1.1.1.Final.jar:/home/zechen/.m2/repository/org/jboss/jandex/2.2.3.Final/jandex-2.2.3.Final.jar:/home/zechen/.m2/repository/com/fasterxml/classmate/1.5.1/classmate-1.5.1.jar:/home/zechen/.m2/repository/javax/activation/javax.activation-api/1.2.0/javax.activation-api-1.2.0.jar:/home/zechen/.m2/repository/org/hibernate/common/hibernate-commons-annotations/5.1.2.Final/hibernate-commons-annotations-5.1.2.Final.jar:/home/zechen/.m2/repository/javax/xml/bind/jaxb-api/2.3.1/jaxb-api-2.3.1.jar:/home/zechen/.m2/repository/org/glassfish/jaxb/jaxb-runtime/2.3.1/jaxb-runtime-2.3.1.jar:/home/zechen/.m2/repository/org/glassfish/jaxb/txw2/2.3.1/txw2-2.3.1.jar:/home/zechen/.m2/repository/com/sun/istack/istack-commons-runtime/3.0.7/istack-commons-runtime-3.0.7.jar:/home/zechen/.m2/repository/org/jvnet/staxex/stax-ex/1.8/stax-ex-1.8.jar:/home/zechen/.m2/repository/com/sun/xml/fastinfoset/FastInfoset/1.2.15/FastInfoset-1.2.15.jar:/home/zechen/.m2/repository/org/hibernate/hibernate-c3p0/5.6.3.Final/hibernate-c3p0-5.6.3.Final.jar:/home/zechen/.m2/repository/com/mchange/c3p0/0.9.5.5/c3p0-0.9.5.5.jar:/home/zechen/.m2/repository/com/mchange/mchange-commons-java/0.2.19/mchange-commons-java-0.2.19.jar:/home/zechen/.m2/repository/org/hibernate/hibernate-ehcache/5.6.3.Final/hibernate-ehcache-5.6.3.Final.jar:/home/zechen/.m2/repository/org/hibernate/hibernate-search-orm/5.11.10.Final/hibernate-search-orm-5.11.10.Final.jar:/home/zechen/.m2/repository/org/hibernate/hibernate-search-engine/5.11.10.Final/hibernate-search-engine-5.11.10.Final.jar:/home/zechen/.m2/repository/org/apache/lucene/lucene-misc/5.5.5/lucene-misc-5.5.5.jar:/home/zechen/.m2/repository/org/apache/lucene/lucene-facet/5.5.5/lucene-facet-5.5.5.jar:/home/zechen/.m2/repository/org/apache/lucene/lucene-queryparser/5.5.5/lucene-queryparser-5.5.5.jar:/home/zechen/.m2/repository/org/apache/lucene/lucene-core/5.5.5/lucene-core-5.5.5.jar:/home/zechen/.m2/repository/org/apache/lucene/lucene-sandbox/5.5.5/lucene-sandbox-5.5.5.jar:/home/zechen/.m2/repository/org/apache/lucene/lucene-queries/5.5.5/lucene-queries-5.5.5.jar:/home/zechen/.m2/repository/org/apache/lucene/lucene-backward-codecs/5.5.5/lucene-backward-codecs-5.5.5.jar:/home/zechen/.m2/repository/org/apache/logging/log4j/log4j-core/2.17.0/log4j-core-2.17.0.jar:/home/zechen/.m2/repository/org/apache/logging/log4j/log4j-api/2.17.0/log4j-api-2.17.0.jar:/home/zechen/.m2/repository/org/apache/logging/log4j/log4j-slf4j-impl/2.17.0/log4j-slf4j-impl-2.17.0.jar:/home/zechen/.m2/repository/org/apache/logging/log4j/log4j-1.2-api/2.17.0/log4j-1.2-api-2.17.0.jar:/home/zechen/.m2/repository/org/jboss/logging/jboss-logging/3.4.2.Final/jboss-logging-3.4.2.Final.jar:/home/zechen/.m2/repository/org/slf4j/slf4j-api/1.7.32/slf4j-api-1.7.32.jar:/home/zechen/.m2/repository/org/slf4j/log4j-over-slf4j/1.7.32/log4j-over-slf4j-1.7.32.jar:/home/zechen/.m2/repository/com/thoughtworks/xstream/xstream/1.4.17/xstream-1.4.17.jar:/home/zechen/.m2/repository/io/github/x-stream/mxparser/1.2.1/mxparser-1.2.1.jar:/home/zechen/.m2/repository/xmlpull/xmlpull/1.1.3.1/xmlpull-1.1.3.1.jar:/home/zechen/.m2/repository/javax/mail/javax.mail-api/1.6.2/javax.mail-api-1.6.2.jar:/home/zechen/.m2/repository/org/liquibase/liquibase-core/4.4.1/liquibase-core-4.4.1.jar:/home/zechen/.m2/repository/org/reflections/reflections/0.10.2/reflections-0.10.2.jar:/home/zechen/.m2/repository/com/google/code/findbugs/jsr305/3.0.2/jsr305-3.0.2.jar:/home/zechen/.m2/repository/xerces/xercesImpl/2.12.1/xercesImpl-2.12.1.jar:/home/zechen/.m2/repository/xml-apis/xml-apis/1.4.01/xml-apis-1.4.01.jar:/home/zechen/.m2/repository/javax/validation/validation-api/2.0.1.Final/validation-api-2.0.1.Final.jar:/home/zechen/.m2/repository/org/hibernate/hibernate-validator/5.4.3.Final/hibernate-validator-5.4.3.Final.jar:/home/zechen/.m2/repository/mysql/mysql-connector-java/8.0.27/mysql-connector-java-8.0.27.jar:/home/zechen/.m2/repository/com/google/protobuf/protobuf-java/3.11.4/protobuf-java-3.11.4.jar:/home/zechen/.m2/repository/org/codehaus/jackson/jackson-core-asl/1.9.14-MULE-002/jackson-core-asl-1.9.14-MULE-002.jar:/home/zechen/.m2/repository/org/codehaus/jackson/jackson-mapper-asl/1.9.14-MULE-002/jackson-mapper-asl-1.9.14-MULE-002.jar:/home/zechen/.m2/repository/com/fasterxml/jackson/core/jackson-core/2.13.1/jackson-core-2.13.1.jar:/home/zechen/.m2/repository/com/fasterxml/jackson/core/jackson-annotations/2.13.1/jackson-annotations-2.13.1.jar:/home/zechen/.m2/repository/com/fasterxml/jackson/core/jackson-databind/2.13.1/jackson-databind-2.13.1.jar:/home/zechen/.m2/repository/org/codehaus/groovy/groovy-all/2.4.21/groovy-all-2.4.21.jar:/home/zechen/.m2/repository/net/sf/ehcache/ehcache/2.10.10.1.14/ehcache-2.10.10.1.14.jar:/home/zechen/.m2/repository/org/aspectj/aspectjrt/1.9.7/aspectjrt-1.9.7.jar:/home/zechen/.m2/repository/org/aspectj/aspectjweaver/1.9.7/aspectjweaver-1.9.7.jar:/home/zechen/.m2/repository/joda-time/joda-time/2.10.13/joda-time-2.10.13.jar:/home/zechen/.m2/repository/javax/annotation/javax.annotation-api/1.3.2/javax.annotation-api-1.3.2.jar:/home/zechen/.m2/repository/com/sun/activation/javax.activation/1.2.0/javax.activation-1.2.0.jar:/home/zechen/.m2/repository/jakarta/xml/bind/jakarta.xml.bind-api/3.0.1/jakarta.xml.bind-api-3.0.1.jar:/home/zechen/.m2/repository/com/sun/activation/jakarta.activation/2.0.1/jakarta.activation-2.0.1.jar:/home/zechen/.m2/repository/com/sun/xml/bind/jaxb-impl/3.0.2/jaxb-impl-3.0.2.jar:/home/zechen/.m2/repository/com/sun/xml/bind/jaxb-core/3.0.2/jaxb-core-3.0.2.jar:/home/zechen/.m2/repository/org/apache/lucene/lucene-analyzers-phonetic/5.5.5/lucene-analyzers-phonetic-5.5.5.jar:/home/zechen/.m2/repository/org/apache/lucene/lucene-analyzers-common/5.5.5/lucene-analyzers-common-5.5.5.jar:/home/zechen/.m2/repository/commons-codec/commons-codec/1.10/commons-codec-1.10.jar:/home/zechen/.m2/repository/org/apache/maven/surefire/surefire-junit-platform/2.22.2/surefire-junit-platform-2.22.2.jar:/home/zechen/.m2/repository/org/junit/platform/junit-platform-launcher/1.3.1/junit-platform-launcher-1.3.1.jar"/>
    <property name="java.vm.vendor" value="Ubuntu"/>
    <property name="sun.arch.data.model" value="64"/>
    <property name="java.vendor.url" value="https://ubuntu.com/"/>
    <property name="user.timezone" value=""/>
    <property name="java.locale.providers" value="COMPAT"/>
    <property name="java.vm.specification.version" value="11"/>
    <property name="os.name" value="Linux"/>
    <property name="sun.java.launcher" value="SUN_STANDARD"/>
    <property name="user.country" value="US"/>
    <property name="sun.boot.library.path" value="/usr/lib/jvm/java-11-openjdk-amd64/lib"/>
    <property name="sun.java.command" value="org.apache.maven.surefire.booter.ForkedBooter /home/zechen/cs_work/TrillionSource/openmrs-core/api/target/surefire 2022-01-05T23-52-16_087-jvmRun1 surefire3652512207847061754tmp surefire_017975712873458085845tmp"/>
    <property name="jdk.debug" value="release"/>
    <property name="surefire.test.class.path" value="/home/zechen/cs_work/TrillionSource/openmrs-core/api/target/test-classes:/home/zechen/cs_work/TrillionSource/openmrs-core/api/target/classes:/home/zechen/.m2/repository/org/springframework/spring-test/5.2.14.RELEASE/spring-test-5.2.14.RELEASE.jar:/home/zechen/.m2/repository/com/h2database/h2/1.4.200/h2-1.4.200.jar:/home/zechen/.m2/repository/junit/junit/4.13.2/junit-4.13.2.jar:/home/zechen/.m2/repository/org/junit/jupiter/junit-jupiter-api/5.8.2/junit-jupiter-api-5.8.2.jar:/home/zechen/.m2/repository/org/opentest4j/opentest4j/1.2.0/opentest4j-1.2.0.jar:/home/zechen/.m2/repository/org/junit/platform/junit-platform-commons/1.8.2/junit-platform-commons-1.8.2.jar:/home/zechen/.m2/repository/org/apiguardian/apiguardian-api/1.1.2/apiguardian-api-1.1.2.jar:/home/zechen/.m2/repository/org/junit/jupiter/junit-jupiter-engine/5.8.2/junit-jupiter-engine-5.8.2.jar:/home/zechen/.m2/repository/org/junit/platform/junit-platform-engine/1.8.2/junit-platform-engine-1.8.2.jar:/home/zechen/.m2/repository/org/junit/vintage/junit-vintage-engine/5.8.2/junit-vintage-engine-5.8.2.jar:/home/zechen/.m2/repository/org/dbunit/dbunit/2.7.2/dbunit-2.7.2.jar:/home/zechen/.m2/repository/org/mockito/mockito-core/3.12.4/mockito-core-3.12.4.jar:/home/zechen/.m2/repository/org/mockito/mockito-junit-jupiter/3.12.4/mockito-junit-jupiter-3.12.4.jar:/home/zechen/.m2/repository/org/hamcrest/hamcrest-core/2.2/hamcrest-core-2.2.jar:/home/zechen/.m2/repository/org/hamcrest/hamcrest/2.2/hamcrest-2.2.jar:/home/zechen/.m2/repository/org/powermock/powermock-reflect/2.0.9/powermock-reflect-2.0.9.jar:/home/zechen/.m2/repository/org/objenesis/objenesis/3.0.1/objenesis-3.0.1.jar:/home/zechen/.m2/repository/net/bytebuddy/byte-buddy/1.10.14/byte-buddy-1.10.14.jar:/home/zechen/.m2/repository/net/bytebuddy/byte-buddy-agent/1.10.14/byte-buddy-agent-1.10.14.jar:/home/zechen/.m2/repository/commons-collections/commons-collections/3.2.2/commons-collections-3.2.2.jar:/home/zechen/.m2/repository/org/apache/commons/commons-collections4/4.4/commons-collections4-4.4-tests.jar:/home/zechen/.m2/repository/org/apache/commons/commons-lang3/3.12.0/commons-lang3-3.12.0.jar:/home/zechen/.m2/repository/commons-beanutils/commons-beanutils/1.9.4/commons-beanutils-1.9.4.jar:/home/zechen/.m2/repository/commons-validator/commons-validator/1.7/commons-validator-1.7.jar:/home/zechen/.m2/repository/commons-digester/commons-digester/2.1/commons-digester-2.1.jar:/home/zechen/.m2/repository/commons-logging/commons-logging/1.2/commons-logging-1.2.jar:/home/zechen/.m2/repository/commons-io/commons-io/2.11.0/commons-io-2.11.0.jar:/home/zechen/.m2/repository/org/azeckoski/reflectutils/0.9.20/reflectutils-0.9.20.jar:/home/zechen/.m2/repository/org/apache/velocity/velocity/1.7/velocity-1.7.jar:/home/zechen/.m2/repository/commons-lang/commons-lang/2.4/commons-lang-2.4.jar:/home/zechen/.m2/repository/org/springframework/spring-core/5.2.14.RELEASE/spring-core-5.2.14.RELEASE.jar:/home/zechen/.m2/repository/org/springframework/spring-jcl/5.2.14.RELEASE/spring-jcl-5.2.14.RELEASE.jar:/home/zechen/.m2/repository/org/springframework/spring-beans/5.2.14.RELEASE/spring-beans-5.2.14.RELEASE.jar:/home/zechen/.m2/repository/org/springframework/spring-context/5.2.14.RELEASE/spring-context-5.2.14.RELEASE.jar:/home/zechen/.m2/repository/org/springframework/spring-expression/5.2.14.RELEASE/spring-expression-5.2.14.RELEASE.jar:/home/zechen/.m2/repository/org/springframework/spring-aop/5.2.14.RELEASE/spring-aop-5.2.14.RELEASE.jar:/home/zechen/.m2/repository/org/springframework/spring-orm/5.2.14.RELEASE/spring-orm-5.2.14.RELEASE.jar:/home/zechen/.m2/repository/org/springframework/spring-tx/5.2.14.RELEASE/spring-tx-5.2.14.RELEASE.jar:/home/zechen/.m2/repository/org/springframework/spring-jdbc/5.2.14.RELEASE/spring-jdbc-5.2.14.RELEASE.jar:/home/zechen/.m2/repository/org/springframework/spring-context-support/5.2.14.RELEASE/spring-context-support-5.2.14.RELEASE.jar:/home/zechen/.m2/repository/ca/uhn/hapi/hapi-base/2.1/hapi-base-2.1.jar:/home/zechen/.m2/repository/ca/uhn/hapi/hapi-structures-v23/2.1/hapi-structures-v23-2.1.jar:/home/zechen/.m2/repository/ca/uhn/hapi/hapi-structures-v24/2.1/hapi-structures-v24-2.1.jar:/home/zechen/.m2/repository/ca/uhn/hapi/hapi-structures-v25/2.1/hapi-structures-v25-2.1.jar:/home/zechen/.m2/repository/ca/uhn/hapi/hapi-structures-v26/2.1/hapi-structures-v26-2.1.jar:/home/zechen/.m2/repository/org/javassist/javassist/3.28.0-GA/javassist-3.28.0-GA.jar:/home/zechen/.m2/repository/org/hibernate/hibernate-core/5.6.3.Final/hibernate-core-5.6.3.Final.jar:/home/zechen/.m2/repository/javax/persistence/javax.persistence-api/2.2/javax.persistence-api-2.2.jar:/home/zechen/.m2/repository/antlr/antlr/2.7.7/antlr-2.7.7.jar:/home/zechen/.m2/repository/org/jboss/spec/javax/transaction/jboss-transaction-api_1.2_spec/1.1.1.Final/jboss-transaction-api_1.2_spec-1.1.1.Final.jar:/home/zechen/.m2/repository/org/jboss/jandex/2.2.3.Final/jandex-2.2.3.Final.jar:/home/zechen/.m2/repository/com/fasterxml/classmate/1.5.1/classmate-1.5.1.jar:/home/zechen/.m2/repository/javax/activation/javax.activation-api/1.2.0/javax.activation-api-1.2.0.jar:/home/zechen/.m2/repository/org/hibernate/common/hibernate-commons-annotations/5.1.2.Final/hibernate-commons-annotations-5.1.2.Final.jar:/home/zechen/.m2/repository/javax/xml/bind/jaxb-api/2.3.1/jaxb-api-2.3.1.jar:/home/zechen/.m2/repository/org/glassfish/jaxb/jaxb-runtime/2.3.1/jaxb-runtime-2.3.1.jar:/home/zechen/.m2/repository/org/glassfish/jaxb/txw2/2.3.1/txw2-2.3.1.jar:/home/zechen/.m2/repository/com/sun/istack/istack-commons-runtime/3.0.7/istack-commons-runtime-3.0.7.jar:/home/zechen/.m2/repository/org/jvnet/staxex/stax-ex/1.8/stax-ex-1.8.jar:/home/zechen/.m2/repository/com/sun/xml/fastinfoset/FastInfoset/1.2.15/FastInfoset-1.2.15.jar:/home/zechen/.m2/repository/org/hibernate/hibernate-c3p0/5.6.3.Final/hibernate-c3p0-5.6.3.Final.jar:/home/zechen/.m2/repository/com/mchange/c3p0/0.9.5.5/c3p0-0.9.5.5.jar:/home/zechen/.m2/repository/com/mchange/mchange-commons-java/0.2.19/mchange-commons-java-0.2.19.jar:/home/zechen/.m2/repository/org/hibernate/hibernate-ehcache/5.6.3.Final/hibernate-ehcache-5.6.3.Final.jar:/home/zechen/.m2/repository/org/hibernate/hibernate-search-orm/5.11.10.Final/hibernate-search-orm-5.11.10.Final.jar:/home/zechen/.m2/repository/org/hibernate/hibernate-search-engine/5.11.10.Final/hibernate-search-engine-5.11.10.Final.jar:/home/zechen/.m2/repository/org/apache/lucene/lucene-misc/5.5.5/lucene-misc-5.5.5.jar:/home/zechen/.m2/repository/org/apache/lucene/lucene-facet/5.5.5/lucene-facet-5.5.5.jar:/home/zechen/.m2/repository/org/apache/lucene/lucene-queryparser/5.5.5/lucene-queryparser-5.5.5.jar:/home/zechen/.m2/repository/org/apache/lucene/lucene-core/5.5.5/lucene-core-5.5.5.jar:/home/zechen/.m2/repository/org/apache/lucene/lucene-sandbox/5.5.5/lucene-sandbox-5.5.5.jar:/home/zechen/.m2/repository/org/apache/lucene/lucene-queries/5.5.5/lucene-queries-5.5.5.jar:/home/zechen/.m2/repository/org/apache/lucene/lucene-backward-codecs/5.5.5/lucene-backward-codecs-5.5.5.jar:/home/zechen/.m2/repository/org/apache/logging/log4j/log4j-core/2.17.0/log4j-core-2.17.0.jar:/home/zechen/.m2/repository/org/apache/logging/log4j/log4j-api/2.17.0/log4j-api-2.17.0.jar:/home/zechen/.m2/repository/org/apache/logging/log4j/log4j-slf4j-impl/2.17.0/log4j-slf4j-impl-2.17.0.jar:/home/zechen/.m2/repository/org/apache/logging/log4j/log4j-1.2-api/2.17.0/log4j-1.2-api-2.17.0.jar:/home/zechen/.m2/repository/org/jboss/logging/jboss-logging/3.4.2.Final/jboss-logging-3.4.2.Final.jar:/home/zechen/.m2/repository/org/slf4j/slf4j-api/1.7.32/slf4j-api-1.7.32.jar:/home/zechen/.m2/repository/org/slf4j/log4j-over-slf4j/1.7.32/log4j-over-slf4j-1.7.32.jar:/home/zechen/.m2/repository/com/thoughtworks/xstream/xstream/1.4.17/xstream-1.4.17.jar:/home/zechen/.m2/repository/io/github/x-stream/mxparser/1.2.1/mxparser-1.2.1.jar:/home/zechen/.m2/repository/xmlpull/xmlpull/1.1.3.1/xmlpull-1.1.3.1.jar:/home/zechen/.m2/repository/javax/mail/javax.mail-api/1.6.2/javax.mail-api-1.6.2.jar:/home/zechen/.m2/repository/org/liquibase/liquibase-core/4.4.1/liquibase-core-4.4.1.jar:/home/zechen/.m2/repository/org/reflections/reflections/0.10.2/reflections-0.10.2.jar:/home/zechen/.m2/repository/com/google/code/findbugs/jsr305/3.0.2/jsr305-3.0.2.jar:/home/zechen/.m2/repository/xerces/xercesImpl/2.12.1/xercesImpl-2.12.1.jar:/home/zechen/.m2/repository/xml-apis/xml-apis/1.4.01/xml-apis-1.4.01.jar:/home/zechen/.m2/repository/javax/validation/validation-api/2.0.1.Final/validation-api-2.0.1.Final.jar:/home/zechen/.m2/repository/org/hibernate/hibernate-validator/5.4.3.Final/hibernate-validator-5.4.3.Final.jar:/home/zechen/.m2/repository/mysql/mysql-connector-java/8.0.27/mysql-connector-java-8.0.27.jar:/home/zechen/.m2/repository/com/google/protobuf/protobuf-java/3.11.4/protobuf-java-3.11.4.jar:/home/zechen/.m2/repository/org/codehaus/jackson/jackson-core-asl/1.9.14-MULE-002/jackson-core-asl-1.9.14-MULE-002.jar:/home/zechen/.m2/repository/org/codehaus/jackson/jackson-mapper-asl/1.9.14-MULE-002/jackson-mapper-asl-1.9.14-MULE-002.jar:/home/zechen/.m2/repository/com/fasterxml/jackson/core/jackson-core/2.13.1/jackson-core-2.13.1.jar:/home/zechen/.m2/repository/com/fasterxml/jackson/core/jackson-annotations/2.13.1/jackson-annotations-2.13.1.jar:/home/zechen/.m2/repository/com/fasterxml/jackson/core/jackson-databind/2.13.1/jackson-databind-2.13.1.jar:/home/zechen/.m2/repository/org/codehaus/groovy/groovy-all/2.4.21/groovy-all-2.4.21.jar:/home/zechen/.m2/repository/net/sf/ehcache/ehcache/2.10.10.1.14/ehcache-2.10.10.1.14.jar:/home/zechen/.m2/repository/org/aspectj/aspectjrt/1.9.7/aspectjrt-1.9.7.jar:/home/zechen/.m2/repository/org/aspectj/aspectjweaver/1.9.7/aspectjweaver-1.9.7.jar:/home/zechen/.m2/repository/joda-time/joda-time/2.10.13/joda-time-2.10.13.jar:/home/zechen/.m2/repository/javax/annotation/javax.annotation-api/1.3.2/javax.annotation-api-1.3.2.jar:/home/zechen/.m2/repository/com/sun/activation/javax.activation/1.2.0/javax.activation-1.2.0.jar:/home/zechen/.m2/repository/jakarta/xml/bind/jakarta.xml.bind-api/3.0.1/jakarta.xml.bind-api-3.0.1.jar:/home/zechen/.m2/repository/com/sun/activation/jakarta.activation/2.0.1/jakarta.activation-2.0.1.jar:/home/zechen/.m2/repository/com/sun/xml/bind/jaxb-impl/3.0.2/jaxb-impl-3.0.2.jar:/home/zechen/.m2/repository/com/sun/xml/bind/jaxb-core/3.0.2/jaxb-core-3.0.2.jar:/home/zechen/.m2/repository/org/apache/lucene/lucene-analyzers-phonetic/5.5.5/lucene-analyzers-phonetic-5.5.5.jar:/home/zechen/.m2/repository/org/apache/lucene/lucene-analyzers-common/5.5.5/lucene-analyzers-common-5.5.5.jar:/home/zechen/.m2/repository/commons-codec/commons-codec/1.10/commons-codec-1.10.jar:"/>
    <property name="sun.cpu.endian" value="little"/>
    <property name="user.home" value="/home/zechen"/>
    <property name="user.language" value="en"/>
    <property name="java.specification.vendor" value="Oracle Corporation"/>
    <property name="java.version.date" value="2021-10-19"/>
    <property name="java.home" value="/usr/lib/jvm/java-11-openjdk-amd64"/>
    <property name="file.separator" value="/"/>
    <property name="basedir" value="/home/zechen/cs_work/TrillionSource/openmrs-core/api"/>
    <property name="java.vm.compressedOopsMode" value="32-bit"/>
    <property name="line.separator" value="&#10;"/>
    <property name="java.specification.name" value="Java Platform API Specification"/>
    <property name="java.vm.specification.vendor" value="Oracle Corporation"/>
    <property name="java.awt.graphicsenv" value="sun.awt.X11GraphicsEnvironment"/>
    <property name="sun.management.compiler" value="HotSpot 64-Bit Tiered Compilers"/>
    <property name="java.runtime.version" value="11.0.13+8-Ubuntu-0ubuntu1.20.04"/>
    <property name="user.name" value="zechen"/>
    <property name="path.separator" value=":"/>
    <property name="os.version" value="5.4.0-91-generic"/>
    <property name="java.runtime.name" value="OpenJDK Runtime Environment"/>
    <property name="file.encoding" value="UTF-8"/>
    <property name="java.vm.name" value="OpenJDK 64-Bit Server VM"/>
    <property name="localRepository" value="/home/zechen/.m2/repository"/>
    <property name="java.vendor.url.bug" value="https://bugs.launchpad.net/ubuntu/+source/openjdk-lts"/>
    <property name="java.io.tmpdir" value="/tmp"/>
    <property name="java.version" value="11.0.13"/>
    <property name="user.dir" value="/home/zechen/cs_work/TrillionSource/openmrs-core/api"/>
    <property name="os.arch" value="amd64"/>
    <property name="java.vm.specification.name" value="Java Virtual Machine Specification"/>
    <property name="java.awt.printerjob" value="sun.print.PSPrinterJob"/>
    <property name="sun.os.patch.level" value="unknown"/>
    <property name="java.library.path" value="/usr/java/packages/lib:/usr/lib/x86_64-linux-gnu/jni:/lib/x86_64-linux-gnu:/usr/lib/x86_64-linux-gnu:/usr/lib/jni:/lib:/usr/lib"/>
    <property name="java.vm.info" value="mixed mode, sharing"/>
    <property name="java.vendor" value="Ubuntu"/>
    <property name="java.vm.version" value="11.0.13+8-Ubuntu-0ubuntu1.20.04"/>
    <property name="sun.io.unicode.encoding" value="UnicodeLittle"/>
    <property name="java.class.version" value="55.0"/>
    <property name="log4j2.disable.jmx" value="true"/>
  </properties>
  <testcase name="getConceptSourceByUniqueId_shouldFailIfGivenNull" classname="org.openmrs.api.ConceptServiceTest" time="1.737"/>
  <testcase name="hasAnyConceptAttribute_shouldReturnTrueIfAnyConceptAttributeIsPresentForGivenConceptAttributeType" classname="org.openmrs.api.ConceptServiceTest" time="3.893"/>
  <testcase name="getConceptByName_shouldGetConceptByName" classname="org.openmrs.api.ConceptServiceTest" time="5.183"/>
  <testcase name="getConceptMapTypes_shouldNotIncludeHiddenConceptMapTypesIfIncludeHiddenIsSetToFalse" classname="org.openmrs.api.ConceptServiceTest" time="3.831"/>
  <testcase name="getDrugByUuid_shouldFindObjectGivenValidUuid" classname="org.openmrs.api.ConceptServiceTest" time="5.145"/>
  <testcase name="saveConcept_shouldSaveANewConceptNumeric" classname="org.openmrs.api.ConceptServiceTest" time="4.493"/>
  <testcase name="getConceptByName_shouldFindConceptsWithNamesInMoreSpecificLocales" classname="org.openmrs.api.ConceptServiceTest" time="4.712"/>
  <testcase name="getConcepts_shouldReturnASearchResultWhoseConceptNameContainsAllWordTokensAsFirst" classname="org.openmrs.api.ConceptServiceTest" time="5.882"/>
  <testcase name="getDefaultConceptMapType_shouldReturnTypeAsSetInGp" classname="org.openmrs.api.ConceptServiceTest" time="2.299"/>
  <testcase name="getConceptReferenceTermByName_shouldBeCaseInsensitive" classname="org.openmrs.api.ConceptServiceTest" time="2.152"/>
  <testcase name="getConceptNameTagByUuid_shouldReturnNullIfNoObjectFoundWithGivenUuid" classname="org.openmrs.api.ConceptServiceTest" time="2.523"/>
  <testcase name="saveConcept_shouldSaveAConceptNumericAsAConcept" classname="org.openmrs.api.ConceptServiceTest" time="5.702"/>
  <testcase name="saveConcept_shouldSetAuditInfoIfAnItemIsRemovedFromAnyOfItsChildCollections" classname="org.openmrs.api.ConceptServiceTest" time="6.801"/>
  <testcase name="getConceptSourceByHL7Code_shouldFailIfGivenNull" classname="org.openmrs.api.ConceptServiceTest" time="2.333"/>
  <testcase name="getConcepts_shouldReturnConceptSearchResultsThatContainAllSearchWordsAsFirst" classname="org.openmrs.api.ConceptServiceTest" time="4.505"/>
  <testcase name="getAllConcepts_shouldOrderByConceptIdDescendingWhenSetAscParameterToFalse" classname="org.openmrs.api.ConceptServiceTest" time="2.604"/>
  <testcase name="getConceptMapTypeByName_shouldReturnAConceptMapTypeMatchingTheSpecifiedName" classname="org.openmrs.api.ConceptServiceTest" time="2.119"/>
  <testcase name="saveConceptStopWord_shouldSaveConceptStopWordAssignDefaultLocaleIsItNull" classname="org.openmrs.api.ConceptServiceTest" time="2.266"/>
  <testcase name="conceptIterator_shouldIterateOverAllConcepts" classname="org.openmrs.api.ConceptServiceTest" time="2.587"/>
  <testcase name="getDefaultConceptMapType_shouldReturnSameAsByDefault" classname="org.openmrs.api.ConceptServiceTest" time="2.143"/>
  <testcase name="saveConceptSource_shouldNotSetDateCreatedIfOneIsSuppliedAlready" classname="org.openmrs.api.ConceptServiceTest" time="4.509"/>
  <testcase name="getConceptByName_shouldReturnNullGivenBlankString" classname="org.openmrs.api.ConceptServiceTest" time="3.519"/>
  <testcase name="getCountOfConceptReferenceTerms_shouldIncludeRetiredTermsIfIncludeRetiredIsSetToTrue" classname="org.openmrs.api.ConceptServiceTest" time="2.256"/>
  <testcase name="getConceptsByMapping_shouldReturnEmptyListIfNoMappingsExist" classname="org.openmrs.api.ConceptServiceTest" time="1.565"/>
  <testcase name="getConceptSetByUuid_shouldReturnNullIfNoObjectFoundWithGivenUuid" classname="org.openmrs.api.ConceptServiceTest" time="2.355"/>
  <testcase name="getConcepts_shouldNotReturnConceptsWithMatchingNamesThatAreVoided" classname="org.openmrs.api.ConceptServiceTest" time="2.21"/>
  <testcase name="getDrugByMapping_shouldReturnADrugThatMatchesTheCodeAndSource" classname="org.openmrs.api.ConceptServiceTest" time="5.88"/>
  <testcase name="getDrugs_shouldRejectANullSearchPhrase" classname="org.openmrs.api.ConceptServiceTest" time="2.289"/>
  <testcase name="mapConceptProposalToConcept_shouldAllowRejectingProposals" classname="org.openmrs.api.ConceptServiceTest" time="2.666"/>
  <testcase name="saveConcept_shouldSaveNonConceptComplexObjectAsConceptComplex" classname="org.openmrs.api.ConceptServiceTest" time="4.484"/>
  <testcase name="getFalseConcept_shouldReturnTheFalseConcept" classname="org.openmrs.api.ConceptServiceTest" time="4.354"/>
  <testcase name="getConcepts_shouldNotFailWithNullClassesAndDatatypes" classname="org.openmrs.api.ConceptServiceTest" time="2.218"/>
  <testcase name="getConceptSourceByUniqueId_shouldReturnNullIfNoConceptSourceWithGivenUniqueIdIsFound" classname="org.openmrs.api.ConceptServiceTest" time="3.849"/>
  <testcase name="getConcepts_shouldReturnConceptSearchResultsThatMatchUniqueConcepts" classname="org.openmrs.api.ConceptServiceTest" time="4.644"/>
  <testcase name="getConceptByMapping_shouldReturnNullIfNoMappingExists" classname="org.openmrs.api.ConceptServiceTest" time="2.205"/>
  <testcase name="getDrugByMapping_shouldReturnADrugThatMatchesTheCodeAndSourceAndTheBestMapType" classname="org.openmrs.api.ConceptServiceTest" time="4.78"/>
  <testcase name="getUnknownConcept_shouldReturnTheUnknownConcept" classname="org.openmrs.api.ConceptServiceTest" time="2.32"/>
  <testcase name="getAllConceptStopWords_shouldReturnEmptyListIfNoRecordFound" classname="org.openmrs.api.ConceptServiceTest" time="2.416"/>
  <testcase name="getDrugs_shouldGetDrugsLinkedToConceptsWithNamesThatMatchThePhraseAndRelatedLocales" classname="org.openmrs.api.ConceptServiceTest" time="4.607"/>
  <testcase name="getConceptByMapping_shouldReturnRetiredConceptIfOnlyMatch" classname="org.openmrs.api.ConceptServiceTest" time="2.892"/>
  <testcase name="saveConceptReferenceTerm_shouldUpdateChangesToTheConceptReferenceTermInTheDatabase" classname="org.openmrs.api.ConceptServiceTest" time="3.648"/>
  <testcase name="getConcepts_shouldPassWithAndOrNotWords" classname="org.openmrs.api.ConceptServiceTest" time="8.462"/>
  <testcase name="saveConcept_shouldEnsureThatEveryConcepNameLocaleHasExactlyOnePreferredName" classname="org.openmrs.api.ConceptServiceTest" time="1.597"/>
  <testcase name="getConceptsByClass_shouldReturnAnEmptyListIfNoneWasFound" classname="org.openmrs.api.ConceptServiceTest" time="2.299"/>
  <testcase name="getConceptSourceByName_shouldReturnNullIfNoConceptSourceWithThatNameIsFound" classname="org.openmrs.api.ConceptServiceTest" time="2.645"/>
  <testcase name="getConceptsByClass_shouldGetConceptsByClass" classname="org.openmrs.api.ConceptServiceTest" time="2.322"/>
  <testcase name="getDrugs_shouldIncludeRetiredDrugsIfIncludeRetiredIsSetToTrue" classname="org.openmrs.api.ConceptServiceTest" time="3.151"/>
  <testcase name="getConceptReferenceTerms_shouldReturnOnlyUnRetiredConceptReferenceTermsIfIncludeRetiredIsSetToFalse" classname="org.openmrs.api.ConceptServiceTest" time="1.346"/>
  <testcase name="getDrugsByMapping_shouldReturnRetiredAndNonretiredDrugsIfIncludeRetiredIsSetToTrue" classname="org.openmrs.api.ConceptServiceTest" time="3.365"/>
  <testcase name="mapConceptProposalToConcept_shouldNotSetValueCodedNameWhenAddConceptIsSelected" classname="org.openmrs.api.ConceptServiceTest" time="2.327"/>
  <testcase name="saveConcept_shouldNotFailWhenADuplicateNameIsEditedToAUniqueValue" classname="org.openmrs.api.ConceptServiceTest" time="4.608"/>
  <testcase name="saveConcept_shouldCreateAReferenceTermForAConceptMappingOnTheFlyWhenCreatingAConcept" classname="org.openmrs.api.ConceptServiceTest" time="2.563"/>
  <testcase name="retireConceptReferenceTerm_shouldRetireTheSpecifiedConceptReferenceTermWithTheGivenRetireReason" classname="org.openmrs.api.ConceptServiceTest" time="2.338"/>
  <testcase name="getConceptAttributeByUuid_shouldReturnNullIfNoConceptAttributeHasTheGivenUuid" classname="org.openmrs.api.ConceptServiceTest" time="4.708"/>
  <testcase name="getAllConcepts_shouldOrderByAConceptField" classname="org.openmrs.api.ConceptServiceTest" time="2.797"/>
  <testcase name="getDrugs_shouldGetDrugsLinkedToConceptsWithNamesThatMatchThePhraseAndLocale" classname="org.openmrs.api.ConceptServiceTest" time="4.68"/>
  <testcase name="getConceptsByMapping_shouldGetConceptsWithGivenCodeAndSourceName" classname="org.openmrs.api.ConceptServiceTest" time="2.42"/>
  <testcase name="getDrugsByMapping_shouldMatchOnTheMapTypes" classname="org.openmrs.api.ConceptServiceTest" time="3.408"/>
  <testcase name="unretireConceptMapType_shouldUnretireTheSpecifiedConceptMapTypeAndDropAllRetireRelatedFields" classname="org.openmrs.api.ConceptServiceTest" time="2.224"/>
  <testcase name="getConcepts_shouldIncludeRetiredConceptsInTheSearchResults" classname="org.openmrs.api.ConceptServiceTest" time="4.919"/>
  <testcase name="getConceptStopWords_shouldReturnDefaultLocaleConceptStopWordsIfLocaleIsNull" classname="org.openmrs.api.ConceptServiceTest" time="2.637"/>
  <testcase name="getCountOfConcepts_shouldReturnACountOfUniqueConcepts" classname="org.openmrs.api.ConceptServiceTest" time="4.603"/>
  <testcase name="getConceptSourceByHL7Code_shouldGetConceptSourceWithTheGivenUniqueId" classname="org.openmrs.api.ConceptServiceTest" time="1.096"/>
  <testcase name="saveConceptSource_shouldNotSetCreatorIfOneIsSuppliedAlready" classname="org.openmrs.api.ConceptServiceTest" time="1.572"/>
  <testcase name="getDrugByMapping_shouldFailIfSourceIsNull" classname="org.openmrs.api.ConceptServiceTest" time="2.043"/>
  <testcase name="getConceptByMapping_shouldReturnNullIfSourceCodeDoesNotExist" classname="org.openmrs.api.ConceptServiceTest" time="2.511"/>
  <testcase name="getDrugsByMapping_shouldExcludeDuplicateMatches" classname="org.openmrs.api.ConceptServiceTest" time="8.098"/>
  <testcase name="getConceptsByConceptSet_shouldReturnAllConceptsInSet" classname="org.openmrs.api.ConceptServiceTest" time="8.845"/>
  <testcase name="getConceptByMapping_shouldGetConceptWithGivenCodeAndSourceHl7Code" classname="org.openmrs.api.ConceptServiceTest" time="4.534"/>
  <testcase name="getConceptsByMapping_shouldReturnRetiredAndNonRetiredConceptsByDefault" classname="org.openmrs.api.ConceptServiceTest" time="3.742"/>
  <testcase name="getDrugIngredientByUuid_shouldFindObjectGivenValidUuid" classname="org.openmrs.api.ConceptServiceTest" time="1.76"/>
  <testcase name="getConceptByMapping_shouldNotReturnRetiredConcept" classname="org.openmrs.api.ConceptServiceTest" time="2.796"/>
  <testcase name="saveConcept_shouldUpdateConceptAlreadyExistingInDatabase" classname="org.openmrs.api.ConceptServiceTest" time="4.698"/>
  <testcase name="purgeConceptNameTag_shouldDeleteTheSpecifiedConceptNameTagFromTheDatabase" classname="org.openmrs.api.ConceptServiceTest" time="4.246"/>
  <testcase name="getConceptAnswerByUuid_shouldFindObjectGivenValidUuid" classname="org.openmrs.api.ConceptServiceTest" time="2.263"/>
  <testcase name="getConceptDatatypeByUuid_shouldReturnNullIfNoObjectFoundWithGivenUuid" classname="org.openmrs.api.ConceptServiceTest" time="2.297"/>
  <testcase name="getConcepts_shouldReturnPreferredNamesHigher" classname="org.openmrs.api.ConceptServiceTest" time="7.056"/>
  <testcase name="getConceptStopWords_shouldReturnListOfConceptStopWordsForGivenLocale" classname="org.openmrs.api.ConceptServiceTest" time="4.001"/>
  <testcase name="getDrugsByMapping_shouldMatchOnTheConceptSource" classname="org.openmrs.api.ConceptServiceTest" time="4.889"/>
  <testcase name="getCountOfConceptReferenceTerms_shouldNotIncludeRetiredTermsIfIncludeRetiredIsSetToFalse" classname="org.openmrs.api.ConceptServiceTest" time="2.494"/>
  <testcase name="getConceptSourceByUuid_shouldFindObjectGivenValidUuid" classname="org.openmrs.api.ConceptServiceTest" time="2.248"/>
  <testcase name="saveConceptReferenceTerm_shouldAddAConceptReferenceTermToTheDatabaseAndAssignAnIdToIt" classname="org.openmrs.api.ConceptServiceTest" time="2.506"/>
  <testcase name="getConcepts_shouldFindConceptByFullCode" classname="org.openmrs.api.ConceptServiceTest" time="2.44"/>
  <testcase name="getConceptAttributeType_shouldReturnTheConceptAttributeTypeWithTheGivenId" classname="org.openmrs.api.ConceptServiceTest" time="4.619"/>
  <testcase name="getConceptAnswerByUuid_shouldReturnNullIfNoObjectFoundWithGivenUuid" classname="org.openmrs.api.ConceptServiceTest" time="2.303"/>
  <testcase name="getConceptProposalByUuid_shouldReturnNullIfNoObjectFoundWithGivenUuid" classname="org.openmrs.api.ConceptServiceTest" time="2.984"/>
  <testcase name="saveConcept_shouldNotSetAuditInfoIfTheConceptIsNotEdited" classname="org.openmrs.api.ConceptServiceTest" time="0">
    <skipped message="public void org.openmrs.api.ConceptServiceTest.saveConcept_shouldNotSetAuditInfoIfTheConceptIsNotEdited() is @Disabled"/>
  </testcase>
  <testcase name="getDrugs_shouldReturnAllDrugsWithAMatchingTermCodeOrDrugNameOrConceptName" classname="org.openmrs.api.ConceptServiceTest" time="7.727"/>
  <testcase name="saveConceptNameTag_shouldSaveATagIfItIsSupplied" classname="org.openmrs.api.ConceptServiceTest" time="2.327"/>
  <testcase name="getConceptByName_shouldGetConceptByPartialName" classname="org.openmrs.api.ConceptServiceTest" time="5.638"/>
  <testcase name="getConceptReferenceTerms_shouldReturnOnlyTheConceptReferenceTermsFromTheGivenConceptSource" classname="org.openmrs.api.ConceptServiceTest" time="2.498"/>
  <testcase name="saveConcept_shouldAlwaysReturnAPreferredNameForEveryLocaleThatHasAtleastOneUnvoidedName" classname="org.openmrs.api.ConceptServiceTest" time="1.809"/>
  <testcase name="getDrugs_shouldGetDrugsLinkedToConceptsWithNamesThatMatchThePhrase" classname="org.openmrs.api.ConceptServiceTest" time="1.806"/>
  <testcase name="saveConceptStopWord_shouldSaveConceptStopWordIntoDatabase" classname="org.openmrs.api.ConceptServiceTest" time="2.079"/>
  <testcase name="getDrugs_shouldGetDrugsWithNamesMatchingTheSearchPhrase" classname="org.openmrs.api.ConceptServiceTest" time="1.405"/>
  <testcase name="getConceptNameByUuid_shouldReturnNullIfNoObjectFoundWithGivenUuid" classname="org.openmrs.api.ConceptServiceTest" time="1.517"/>
  <testcase name="getConceptSourceByUuid_shouldReturnNullIfNoObjectFoundWithGivenUuid" classname="org.openmrs.api.ConceptServiceTest" time="2.037"/>
  <testcase name="hasAnyConceptAttribute_shouldReturnFalseIfNoConceptAttributeFoundForGivenConceptAttributeType" classname="org.openmrs.api.ConceptServiceTest" time="6.414"/>
  <testcase name="getDrugsByIngredient_shouldReturnDrugsMatchedByDrugConcept" classname="org.openmrs.api.ConceptServiceTest" time="8.499"/>
  <testcase name="getConceptByUuid_shouldReturnNullIfNoObjectFoundWithGivenUuid" classname="org.openmrs.api.ConceptServiceTest" time="2.159"/>
  <testcase name="getConceptMapTypeByUuid_shouldReturnAConceptMapTypeMatchingTheSpecifiedUuid" classname="org.openmrs.api.ConceptServiceTest" time="1.86"/>
  <testcase name="getConcept_shouldReturnNullGivenNullParameter" classname="org.openmrs.api.ConceptServiceTest" time="2.864"/>
  <testcase name="saveConceptSource_shouldSaveAConceptSourceWithANullHl7Code" classname="org.openmrs.api.ConceptServiceTest" time="2.276"/>
  <testcase name="getConceptMapTypeByName_shouldBeCaseInsensitive" classname="org.openmrs.api.ConceptServiceTest" time="1.886"/>
  <testcase name="getDrugs_shouldNotFailIfThereisNoDrugByGivenDrugId" classname="org.openmrs.api.ConceptServiceTest" time="2.344"/>
  <testcase name="getDrugsByIngredient_shouldReturnDrugsMatchedByIntermediateConcept" classname="org.openmrs.api.ConceptServiceTest" time="1.692"/>
  <testcase name="getDrugs_shouldReturnDrugsThatAreNotRetired" classname="org.openmrs.api.ConceptServiceTest" time="1.895"/>
  <testcase name="retireConceptAttributeType_shouldRetireAConceptAttributeType" classname="org.openmrs.api.ConceptServiceTest" time="6.684"/>
  <testcase name="getDrugByMapping_shouldFailIfNoCodeAndConceptSourceAndWithAnyOfTheseTypesAreProvided" classname="org.openmrs.api.ConceptServiceTest" time="3.947"/>
  <testcase name="unretireConceptAttributeType_shouldUnretireARetiredConceptAttributeType" classname="org.openmrs.api.ConceptServiceTest" time="5.3"/>
  <testcase name="getConceptDatatypeByName_shouldNotReturnAFuzzyMatchOnName" classname="org.openmrs.api.ConceptServiceTest" time="5.754"/>
  <testcase name="getConcepts_shouldReturnConceptSearchResultsThatMatchUniqueConceptsEvenIfDifferentMatchingWords" classname="org.openmrs.api.ConceptServiceTest" time="4.551"/>
  <testcase name="conceptIterator_shouldStartWithTheSmallestConceptId" classname="org.openmrs.api.ConceptServiceTest" time="2.397"/>
  <testcase name="getConceptMapTypes_shouldReturnOnlyUnRetiredConceptMapTypesIfIncludeRetiredIsSetToFalse" classname="org.openmrs.api.ConceptServiceTest" time="2.176"/>
  <testcase name="getConcepts_shouldReturnASearchResultForPhraseWithStopWords" classname="org.openmrs.api.ConceptServiceTest" time="6.854"/>
  <testcase name="changeConceptFromBooleanToCoded_shouldFailIfTheDatatypeOfTheConceptIsNotBoolean" classname="org.openmrs.api.ConceptServiceTest" time="3.178"/>
  <testcase name="saveConcept_shouldSetAuditInfoIfAnItemIsAddedToAnyOfItsChildCollections" classname="org.openmrs.api.ConceptServiceTest" time="2.977"/>
  <testcase name="saveConcept_shouldSetAPreferredNameForEachLocaleIfNoneIsMarked" classname="org.openmrs.api.ConceptServiceTest" time="2.386"/>
  <testcase name="saveConceptMapType_shouldAddTheSpecifiedConceptMapTypeToTheDatabaseAndAssignToItAnId" classname="org.openmrs.api.ConceptServiceTest" time="2.437"/>
  <testcase name="getConceptNumericByUuid_shouldFindObjectGivenValidUuid" classname="org.openmrs.api.ConceptServiceTest" time="2.223"/>
  <testcase name="purgeConceptAttributeType_shouldCompletelyRemoveAConceptAttributeType" classname="org.openmrs.api.ConceptServiceTest" time="4.739"/>
  <testcase name="getConceptReferenceTerms_shouldReturnUniqueTermsWithACodeOrNameContainingTheSearchPhrase" classname="org.openmrs.api.ConceptServiceTest" time="2.418"/>
  <testcase name="changeConceptFromBooleanToCoded_shouldExplicitlyAddTrueConceptAsAValue_CodedAnswer" classname="org.openmrs.api.ConceptServiceTest" time="2.401"/>
  <testcase name="mapConceptProposalToConcept_shouldFailWhenAddingADuplicateSyonymn" classname="org.openmrs.api.ConceptServiceTest" time="4.062"/>
  <testcase name="saveConcept_shouldGenerateIdForNewConceptIfNoneIsSpecified" classname="org.openmrs.api.ConceptServiceTest" time="4.794"/>
  <testcase name="purgeConceptMapType_shouldDeleteTheSpecifiedConceptMapTypeFromTheDatabase" classname="org.openmrs.api.ConceptServiceTest" time="3.362"/>
  <testcase name="changeConceptFromBooleanToCoded_shouldConvertTheDatatypeOfABooleanConceptToCoded" classname="org.openmrs.api.ConceptServiceTest" time="2.522"/>
  <testcase name="getAllConcepts_shouldOrderByConceptIdAndIncludeRetiredWhenGivenNoParameters" classname="org.openmrs.api.ConceptServiceTest" time="2.298"/>
  <testcase name="getTrue_shouldReturnTheTrueConcept" classname="org.openmrs.api.ConceptServiceTest" time="2.423"/>
  <testcase name="saveConcept_shouldAddNewConceptName" classname="org.openmrs.api.ConceptServiceTest" time="2.602"/>
  <testcase name="getAllConcepts_shouldExcludeRetiredConceptsWhenSetIncludeRetiredToFalse" classname="org.openmrs.api.ConceptServiceTest" time="2.341"/>
  <testcase name="getConceptByUuid_shouldFindObjectGivenValidUuid" classname="org.openmrs.api.ConceptServiceTest" time="2.168"/>
  <testcase name="saveConcept_shouldCreateAReferenceTermForAConceptMappingOnTheFlyWhenEditingAConcept" classname="org.openmrs.api.ConceptServiceTest" time="2.342"/>
  <testcase name="saveConcept_shouldVoidTheConceptNameIfTheTextOfTheNameHasChanged" classname="org.openmrs.api.ConceptServiceTest" time="2.301"/>
  <testcase name="deleteConceptStopWord_shouldDeleteTheGivenConceptStopWord" classname="org.openmrs.api.ConceptServiceTest" time="1.94"/>
  <testcase name="retireConceptMapType_shouldShouldSetTheDefaultRetireReasonIfNoneIsGiven" classname="org.openmrs.api.ConceptServiceTest" time="3.405"/>
  <testcase name="getTrueConcept_shouldReturnTheTrueConcept" classname="org.openmrs.api.ConceptServiceTest" time="3.757"/>
  <testcase name="getDrugByUuid_shouldReturnNullIfNoObjectFoundWithGivenUuid" classname="org.openmrs.api.ConceptServiceTest" time="4.498"/>
  <testcase name="shouldFetchDescriptionsForConceptsThatWereFirstFetchedAsNumerics" classname="org.openmrs.api.ConceptServiceTest" time="5.262"/>
  <testcase name="saveConcept_shouldCreateANewConceptNameWhenTheOldNameIsChanged" classname="org.openmrs.api.ConceptServiceTest" time="2.134"/>
  <testcase name="saveConcept_shouldKeepIdForNewConceptIfOneIsSpecified" classname="org.openmrs.api.ConceptServiceTest" time="2.383"/>
  <testcase name="getConceptsByName_shouldReturnConceptsForSpecificCountryAndGlobalLanguageGivenLanguageAndCountryLocale" classname="org.openmrs.api.ConceptServiceTest" time="3.427"/>
  <testcase name="retireConceptSource_shouldRetireConceptSource" classname="org.openmrs.api.ConceptServiceTest" time="2.009"/>
  <testcase name="saveConceptAttributeType_shouldCreateANewConceptAttributeType" classname="org.openmrs.api.ConceptServiceTest" time="4.512"/>
  <testcase name="getFalse_shouldReturnTheFalseConcept" classname="org.openmrs.api.ConceptServiceTest" time="2.18"/>
  <testcase name="retireConceptReferenceTerm_shouldShouldSetTheDefaultRetireReasonIfNoneIsGiven" classname="org.openmrs.api.ConceptServiceTest" time="4.773"/>
  <testcase name="getConceptReferenceTermByCode_shouldReturnAConceptReferenceTermThatMatchesTheGivenCodeFromTheGivenSource" classname="org.openmrs.api.ConceptServiceTest" time="3.898"/>
  <testcase name="getConceptsByConceptSource_shouldReturnEmptyListOfConceptMapsIfNoneFound" classname="org.openmrs.api.ConceptServiceTest" time="2.723"/>
  <testcase name="getConceptSourceByName_shouldGetConceptSourceWithTheGivenName" classname="org.openmrs.api.ConceptServiceTest" time="2.301"/>
  <testcase name="changeConceptFromBooleanToCoded_shouldExplicitlyAddFalseConceptAsAValue_CodedAnswer" classname="org.openmrs.api.ConceptServiceTest" time="2.646"/>
  <testcase name="getConceptSourceByUniqueId_shouldReturnNullIfGivenAnEmptyString" classname="org.openmrs.api.ConceptServiceTest" time="2.283"/>
  <testcase name="getConceptDatatypeByUuid_shouldFindObjectGivenValidUuid" classname="org.openmrs.api.ConceptServiceTest" time="2.334"/>
  <testcase name="getConceptNameTagByUuid_shouldFindObjectGivenValidUuid" classname="org.openmrs.api.ConceptServiceTest" time="2.32"/>
  <testcase name="getDrugs_shouldGetDrugsThatHaveMappingsWithReferenceTermCodesThatMatchThePhrase" classname="org.openmrs.api.ConceptServiceTest" time="4.255"/>
  <testcase name="saveConceptStopWord_shouldSaveConceptStopWordInUppercase" classname="org.openmrs.api.ConceptServiceTest" time="2.15"/>
  <testcase name="getConceptAttributeByUuid_shouldGetTheConceptAttributeWithTheGivenUuid" classname="org.openmrs.api.ConceptServiceTest" time="7.299"/>
  <testcase name="getConceptAttributeTypeByUuid_shouldReturnNullIfNoConceptAttributeTypeExistsWithTheGivenUuid" classname="org.openmrs.api.ConceptServiceTest" time="7.165"/>
  <testcase name="saveConcept_shouldPassWhenSavingAConceptAfterRemovingAName" classname="org.openmrs.api.ConceptServiceTest" time="5.018"/>
  <testcase name="getConceptAttributeTypeByUuid_shouldReturnTheConceptAttributeTypeWithTheGivenUuid" classname="org.openmrs.api.ConceptServiceTest" time="5.686"/>
  <testcase name="getConceptComplex_shouldReturnAConceptComplexObject" classname="org.openmrs.api.ConceptServiceTest" time="5.163"/>
  <testcase name="getDrugsByMapping_shouldFailIfNoCodeAndConceptSourceAndWithAnyOfTheseTypesAreProvided" classname="org.openmrs.api.ConceptServiceTest" time="3.396"/>
  <testcase name="getCountOfConcepts_shouldNotFailWithNullClassesAndDatatypes" classname="org.openmrs.api.ConceptServiceTest" time="2.423"/>
  <testcase name="saveConceptNameTag_shouldNotSaveATagIfItIsInvalid" classname="org.openmrs.api.ConceptServiceTest" time="4.78"/>
  <testcase name="getConceptsByMapping_shouldReturnEmptyListIfSourceCodeDoesNotExist" classname="org.openmrs.api.ConceptServiceTest" time="8.438"/>
  <testcase name="saveConceptMapType_shouldUpdateAnExistingConceptMapType" classname="org.openmrs.api.ConceptServiceTest" time="2.099"/>
  <testcase name="getConceptByMapping_shouldThrowExceptionIfTwoConceptsHaveSameMapping" classname="org.openmrs.api.ConceptServiceTest" time="2.317"/>
  <testcase name="getDrugsByMapping_shouldReturnEmptyListIfNoMatchesAreFound" classname="org.openmrs.api.ConceptServiceTest" time="4.426"/>
  <testcase name="saveConceptNameTag_shouldSaveAConceptNameTagIfATagDoesNotExist" classname="org.openmrs.api.ConceptServiceTest" time="5.729"/>
  <testcase name="getConceptByName_shouldFindConceptsWithNamesInSameSpecificLocale" classname="org.openmrs.api.ConceptServiceTest" time="4.456"/>
  <testcase name="saveConceptStopWord_shouldSaveReturnConceptStopWordWithId" classname="org.openmrs.api.ConceptServiceTest" time="4.529"/>
  <testcase name="getConceptDescriptionByUuid_shouldReturnNullIfNoObjectFoundWithGivenUuid" classname="org.openmrs.api.ConceptServiceTest" time="3.534"/>
  <testcase name="getDrugs_shouldNotReturnDrugsThatAreRetired" classname="org.openmrs.api.ConceptServiceTest" time="3.108"/>
  <testcase name="getConceptsByConceptSource_shouldReturnAListOfConceptMapsIfConceptMappingsFound" classname="org.openmrs.api.ConceptServiceTest" time="2.294"/>
  <testcase name="getConceptAttributeType_shouldReturnNullIfNoConceptAttributeTypeExistsWithTheGivenId" classname="org.openmrs.api.ConceptServiceTest" time="4.233"/>
  <testcase name="getConcepts_shouldExcludeSpecifiedClassesFromTheSearchResults" classname="org.openmrs.api.ConceptServiceTest" time="3.98"/>
  <testcase name="mapConceptProposalToConcept_shouldSetValueCodedNameWhenAddSynonymIsSelected" classname="org.openmrs.api.ConceptServiceTest" time="2.343"/>
  <testcase name="getConceptIdsByMapping_shouldPopulateCache" classname="org.openmrs.api.ConceptServiceTest" time="2.576"/>
  <testcase name="unretireConceptReferenceTerm_shouldUnretireTheSpecifiedConceptReferenceTermAndDropAllRetireRelatedFields" classname="org.openmrs.api.ConceptServiceTest" time="2.244"/>
  <testcase name="getConceptReferenceTermByUuid_shouldReturnTheConceptReferenceTermThatMatchesTheGivenUuid" classname="org.openmrs.api.ConceptServiceTest" time="2.442"/>
  <testcase name="saveConceptNameTag_shouldSaveAnEditedNameTag" classname="org.openmrs.api.ConceptServiceTest" time="3.565"/>
  <testcase name="getConceptDescriptionByUuid_shouldFindObjectGivenValidUuid" classname="org.openmrs.api.ConceptServiceTest" time="3.329"/>
  <testcase name="saveConcept_shouldSaveNonConceptNumericObjectAsConceptNumeric" classname="org.openmrs.api.ConceptServiceTest" time="6.813"/>
  <testcase name="getDrugsByMapping_shouldGetAListOfAllDrugsThatMatchOnAllTheParameterValues" classname="org.openmrs.api.ConceptServiceTest" time="4.59"/>
  <testcase name="getDrugsByMapping_shouldFailIfSourceIsNull" classname="org.openmrs.api.ConceptServiceTest" time="2.241"/>
  <testcase name="saveConcept_shouldSetAuditInfoIfAnyItemInTheChildCollectionsIsEdited" classname="org.openmrs.api.ConceptServiceTest" time="2.142"/>
  <testcase name="getConceptAttributeTypes_shouldGetConceptAttributeByExactName" classname="org.openmrs.api.ConceptServiceTest" time="4.583"/>
  <testcase name="getConceptsByMapping_shouldSortNonRetiredConceptsFirst" classname="org.openmrs.api.ConceptServiceTest" time="2.244"/>
  <testcase name="getConceptNumericByUuid_shouldReturnNullIfNoObjectFoundWithGivenUuid" classname="org.openmrs.api.ConceptServiceTest" time="2.535"/>
  <testcase name="getConceptsByMapping_shouldGetConceptsWithGivenCodeAndSourceH17Code" classname="org.openmrs.api.ConceptServiceTest" time="5.606"/>
  <testcase name="shouldEvictConceptIdsIfSourceOrTermsAreUpdated" classname="org.openmrs.api.ConceptServiceTest" time="5.453"/>
  <testcase name="retireConceptMapType_shouldRetireTheSpecifiedConceptMapTypeWithTheGivenRetireReason" classname="org.openmrs.api.ConceptServiceTest" time="3.581"/>
  <testcase name="saveConcept_shouldSaveChangesBetweenConceptNumericAndComplex" classname="org.openmrs.api.ConceptServiceTest" time="4.506"/>
  <testcase name="getConceptsByMapping_shouldReturnRetiredAndNonRetiredConcepts" classname="org.openmrs.api.ConceptServiceTest" time="2.38"/>
  <testcase name="getConceptByMapping_shouldGetConceptWithGivenCodeAndSourceName" classname="org.openmrs.api.ConceptServiceTest" time="2.125"/>
  <testcase name="getDrugIngredientByUuid_shouldReturnNullIfNoObjectFoundWithGivenUuid" classname="org.openmrs.api.ConceptServiceTest" time="1.935"/>
  <testcase name="saveConcept_shouldCreateNewConceptInDatabase" classname="org.openmrs.api.ConceptServiceTest" time="5.134"/>
  <testcase name="saveConceptStopWord_shouldFailIfADuplicateConceptStopWordInALocaleIsAdded" classname="org.openmrs.api.ConceptServiceTest" time="1.906"/>
  <testcase name="getOrderableConcepts_shouldGetOrderableConcepts" classname="org.openmrs.api.ConceptServiceTest" time="6.74"/>
  <testcase name="getConceptReferenceTermByName_shouldReturnAConceptReferenceTermThatMatchesTheGivenNameFromTheGivenSource" classname="org.openmrs.api.ConceptServiceTest" time="3.636"/>
  <testcase name="getConcepts_shouldReturnEmptyListIfNoConceptWithinSpecifiedClassesWasFound" classname="org.openmrs.api.ConceptServiceTest" time="4.441"/>
  <testcase name="saveConceptNameTag_shouldNotSaveAConceptNameTagIfTagExists" classname="org.openmrs.api.ConceptServiceTest" time="2.404"/>
  <testcase name="getConceptSourceByHL7Code_shouldReturnNullIfNoConceptSourceWithGivenUniqueIdIsFound" classname="org.openmrs.api.ConceptServiceTest" time="2.262"/>
  <testcase name="getDrugs_shouldReturnDrugsByDrugConceptId" classname="org.openmrs.api.ConceptServiceTest" time="2.159"/>
  <testcase name="getConceptByMapping_shouldReturnRetiredConceptByDefaultIfOnlyMatch" classname="org.openmrs.api.ConceptServiceTest" time="3.976"/>
  <testcase name="getDrugs_shouldReturnDrugsByDrugId" classname="org.openmrs.api.ConceptServiceTest" time="2.59"/>
  <testcase name="getAllConcepts_shouldOrderByAConceptNameField" classname="org.openmrs.api.ConceptServiceTest" time="2.27"/>
  <testcase name="getConceptClassByUuid_shouldFindObjectGivenValidUuid" classname="org.openmrs.api.ConceptServiceTest" time="4.703"/>
  <testcase name="saveConceptSource_shouldNotSaveAConceptSourceIfVoidedIsNull" classname="org.openmrs.api.ConceptServiceTest" time="2.697"/>
  <testcase name="getDrugsByIngredient_shouldReturnEmptyListIfNothingFound" classname="org.openmrs.api.ConceptServiceTest" time="4.45"/>
  <testcase name="getConceptMapTypes_shouldReturnSortedList" classname="org.openmrs.api.ConceptServiceTest" time="1.739"/>
  <testcase name="getAllConceptAttributeTypes_shouldReturnAllConceptAttributeTypesIncludingRetiredOnes" classname="org.openmrs.api.ConceptServiceTest" time="3.438"/>
  <testcase name="getConceptProposalByUuid_shouldFindObjectGivenValidUuid" classname="org.openmrs.api.ConceptServiceTest" time="1.667"/>
  <testcase name="getConceptStopWords_shouldReturnEmptyListIfNoConceptStopWordsForGivenLocale" classname="org.openmrs.api.ConceptServiceTest" time="1.38"/>
  <testcase name="getConceptSourceByUniqueId_shouldGetConceptSourceWithTheGivenUniqueId" classname="org.openmrs.api.ConceptServiceTest" time="2.127"/>
  <testcase name="getAllConceptStopWords_shouldReturnAllConceptStopWords" classname="org.openmrs.api.ConceptServiceTest" time="2.45"/>
  <testcase name="getAllConceptReferenceTerms_shouldReturnAllConceptReferenceTermsInTheDatabase" classname="org.openmrs.api.ConceptServiceTest" time="2.506"/>
  <testcase name="getConceptByName_shouldReturnNullGivenNullParameter" classname="org.openmrs.api.ConceptServiceTest" time="2.24"/>
  <testcase name="getConceptsByName_shouldReturnConceptsForAllCountriesAndGlobalLanguageGivenLanguageOnlyLocale" classname="org.openmrs.api.ConceptServiceTest" time="7.194"/>
  <testcase name="getConceptByName_shouldFindConceptsWithNamesInMoreGenericLocales" classname="org.openmrs.api.ConceptServiceTest" time="7.028"/>
  <testcase name="purgeConcept_shouldFailIfAnyOfTheConceptNamesOfTheConceptIsBeingUsedByAnObs" classname="org.openmrs.api.ConceptServiceTest" time="2.189"/>
  <testcase name="saveConcept_shouldNotUpdateConceptDataTypeIfConceptIsAttachedToAnObservation" classname="org.openmrs.api.ConceptServiceTest" time="4.51"/>
  <testcase name="getConceptMapTypes_shouldReturnAllTheConceptMapTypesIfIncludeRetiredAndHiddenAreSetToTrue" classname="org.openmrs.api.ConceptServiceTest" time="2.401"/>
  <testcase name="getConceptByMapping_shouldIgnoreCase" classname="org.openmrs.api.ConceptServiceTest" time="1.027"/>
  <testcase name="getConceptsByAnswer_shouldFindAnswersForConcept" classname="org.openmrs.api.ConceptServiceTest" time="1.755"/>
  <testcase name="getActiveConceptMapTypes_shouldReturnAllTheConceptMapTypesExcludingHiddenOnes" classname="org.openmrs.api.ConceptServiceTest" time="1.897"/>
  <testcase name="getDrugsByMapping_shouldMatchOnTheCode" classname="org.openmrs.api.ConceptServiceTest" time="4.848"/>
  <testcase name="getConceptNameByUuid_shouldFindObjectGivenValidUuid" classname="org.openmrs.api.ConceptServiceTest" time="2.784"/>
  <testcase name="getConceptDatatypeByName_shouldReturnAnExactMatchOnName" classname="org.openmrs.api.ConceptServiceTest" time="4.474"/>
  <testcase name="getConceptSetByUuid_shouldFindObjectGivenValidUuid" classname="org.openmrs.api.ConceptServiceTest" time="2.766"/>
  <testcase name="getConceptAttributeTypes_shouldSearchConceptAttributesByName" classname="org.openmrs.api.ConceptServiceTest" time="4.519"/>
  <testcase name="saveConcept_shouldUpdateConceptIfConceptIsAttachedToAnObservationAndItIsANonDatatypeChange" classname="org.openmrs.api.ConceptServiceTest" time="4.57"/>
  <testcase name="getConceptMappingsToSource_shouldReturnAListOfConceptMapsFromTheGivenSource" classname="org.openmrs.api.ConceptServiceTest" time="2.186"/>
  <testcase name="getDrugByMapping_shouldFailIfMultipleDrugsAreFoundMatchingTheBestMapType" classname="org.openmrs.api.ConceptServiceTest" time="4.547"/>
  <testcase name="mapConceptProposalToConcept_shouldNotRequireMappedConceptOnRejectAction" classname="org.openmrs.api.ConceptServiceTest" time="2.4"/>
  <testcase name="shouldFetchNamesForConceptsThatWereFirstFetchedAsNumerics" classname="org.openmrs.api.ConceptServiceTest" time="2.544"/>
  <testcase name="getConceptSourceByHL7Code_shouldReturnNullIfGivenAnEmptyString" classname="org.openmrs.api.ConceptServiceTest" time="2.558"/>
  <testcase name="getConceptReferenceTerms_shouldReturnAllTheConceptReferenceTermsIfIncludeRetiredIsSetToTrue" classname="org.openmrs.api.ConceptServiceTest" time="2.371"/>
  <testcase name="saveConcept_shouldReuseConceptNameTagsThatAlreadyExistInTheDatabase" classname="org.openmrs.api.ConceptServiceTest" time="5.019"/>
  <testcase name="getTrueConcept_shouldReturnProperTrueConcept" classname="org.openmrs.api.ConceptServiceTest" time="2.314"/>
  <testcase name="getFalseConcept_shouldReturnProperFalseConcept" classname="org.openmrs.api.ConceptServiceTest" time="2.235"/>
  <testcase name="getDrugByMapping_shouldReturnNullIfNoMatchFound" classname="org.openmrs.api.ConceptServiceTest" time="6.887"/>
  <testcase name="saveConcept_shouldNotAcceptALocaleThatIsNeitherAmongTheLocaleAllowedListNorADefaultLocale" classname="org.openmrs.api.ConceptServiceTest" time="5.361"/>
  <testcase name="getConceptsByMapping_shouldOnlyReturnNonRetiredConcepts" classname="org.openmrs.api.ConceptServiceTest" time="2.398"/>
  <testcase name="getReferenceTermMappingsTo_shouldReturnAllConceptReferenceTermMapsWhereTheSpecifiedTermIsTheTermB" classname="org.openmrs.api.ConceptServiceTest" time="2.615"/>
  <testcase name="getConcepts_shouldReturnConceptsWithSpecifiedClasses" classname="org.openmrs.api.ConceptServiceTest" time="7.868"/>
  <testcase name="getDrugs_shouldReturnUniqueDrugs" classname="org.openmrs.api.ConceptServiceTest" time="4.431"/>
  <testcase name="getConceptClassByUuid_shouldReturnNullIfNoObjectFoundWithGivenUuid" classname="org.openmrs.api.ConceptServiceTest" time="3.454"/>
</testsuite>